<?xml version="1.0" encoding="UTF-8"?>
<testng-results skipped="0" failed="1" ignored="0" total="3" passed="2">
  <reporter-output>
  </reporter-output>
  <suite name="Default suite" duration-ms="239" started-at="2019-04-20T07:57:08Z" finished-at="2019-04-20T07:57:08Z">
    <groups>
    </groups>
    <test name="Default test" duration-ms="239" started-at="2019-04-20T07:57:08Z" finished-at="2019-04-20T07:57:08Z">
      <class name="Extend.Testcase">
        <test-method status="PASS" signature="Config()[pri:0, instance:Extend.Testcase@14f8ca45]" name="Config" is-config="true" duration-ms="16395" started-at="2019-04-20T07:56:52Z" finished-at="2019-04-20T07:57:08Z">
          <reporter-output>
          </reporter-output>
        </test-method> <!-- Config -->
        <test-method status="FAIL" signature="Browser()[pri:0, instance:Extend.Testcase@14f8ca45]" name="Browser" duration-ms="155" started-at="2019-04-20T07:57:08Z" finished-at="2019-04-20T07:57:08Z">
          <exception class="java.lang.IncompatibleClassChangeError">
            <message>
              <![CDATA[Found interface org.apache.poi.util.POILogger, but class was expected]]>
            </message>
            <full-stacktrace>
              <![CDATA[java.lang.IncompatibleClassChangeError: Found interface org.apache.poi.util.POILogger, but class was expected
at org.apache.poi.openxml4j.opc.PackageRelationshipCollection.parseRelationshipsPart(PackageRelationshipCollection.java:304)
at org.apache.poi.openxml4j.opc.PackageRelationshipCollection.<init>(PackageRelationshipCollection.java:156)
at org.apache.poi.openxml4j.opc.PackageRelationshipCollection.<init>(PackageRelationshipCollection.java:124)
at org.apache.poi.openxml4j.opc.PackagePart.loadRelationships(PackagePart.java:559)
at org.apache.poi.openxml4j.opc.PackagePart.<init>(PackagePart.java:112)
at org.apache.poi.openxml4j.opc.PackagePart.<init>(PackagePart.java:83)
at org.apache.poi.openxml4j.opc.PackagePart.<init>(PackagePart.java:128)
at org.apache.poi.openxml4j.opc.ZipPackagePart.<init>(ZipPackagePart.java:78)
at org.apache.poi.openxml4j.opc.ZipPackage.getPartsImpl(ZipPackage.java:218)
at org.apache.poi.openxml4j.opc.OPCPackage.getParts(OPCPackage.java:662)
at org.apache.poi.openxml4j.opc.OPCPackage.open(OPCPackage.java:269)
at org.apache.poi.util.PackageHelper.open(PackageHelper.java:39)
at org.apache.poi.xssf.usermodel.XSSFWorkbook.<init>(XSSFWorkbook.java:204)
at Extend.Testcase.Browser(Testcase.java:45)
at sun.reflect.NativeMethodAccessorImpl.invoke0(Native Method)
at sun.reflect.NativeMethodAccessorImpl.invoke(Unknown Source)
at sun.reflect.DelegatingMethodAccessorImpl.invoke(Unknown Source)
at java.lang.reflect.Method.invoke(Unknown Source)
at org.testng.internal.MethodInvocationHelper.invokeMethod(MethodInvocationHelper.java:124)
at org.testng.internal.Invoker.invokeMethod(Invoker.java:583)
at org.testng.internal.Invoker.invokeTestMethod(Invoker.java:719)
at org.testng.internal.Invoker.invokeTestMethods(Invoker.java:989)
at org.testng.internal.TestMethodWorker.invokeTestMethods(TestMethodWorker.java:125)
at org.testng.internal.TestMethodWorker.run(TestMethodWorker.java:109)
at org.testng.TestRunner.privateRun(TestRunner.java:648)
at org.testng.TestRunner.run(TestRunner.java:505)
at org.testng.SuiteRunner.runTest(SuiteRunner.java:455)
at org.testng.SuiteRunner.runSequentially(SuiteRunner.java:450)
at org.testng.SuiteRunner.privateRun(SuiteRunner.java:415)
at org.testng.SuiteRunner.run(SuiteRunner.java:364)
at org.testng.SuiteRunnerWorker.runSuite(SuiteRunnerWorker.java:52)
at org.testng.SuiteRunnerWorker.run(SuiteRunnerWorker.java:84)
at org.testng.TestNG.runSuitesSequentially(TestNG.java:1208)
at org.testng.TestNG.runSuitesLocally(TestNG.java:1137)
at org.testng.TestNG.runSuites(TestNG.java:1049)
at org.testng.TestNG.run(TestNG.java:1017)
at org.testng.remote.AbstractRemoteTestNG.run(AbstractRemoteTestNG.java:114)
at org.testng.remote.RemoteTestNG.initAndRun(RemoteTestNG.java:251)
at org.testng.remote.RemoteTestNG.main(RemoteTestNG.java:77)
]]>
            </full-stacktrace>
          </exception> <!-- java.lang.IncompatibleClassChangeError -->
          <reporter-output>
          </reporter-output>
        </test-method> <!-- Browser -->
        <test-method status="PASS" signature="PageTitle()[pri:0, instance:Extend.Testcase@14f8ca45]" name="PageTitle" duration-ms="31" started-at="2019-04-20T07:57:08Z" finished-at="2019-04-20T07:57:08Z">
          <reporter-output>
          </reporter-output>
        </test-method> <!-- PageTitle -->
        <test-method status="PASS" signature="WorkBook()[pri:0, instance:Extend.Testcase@14f8ca45]" name="WorkBook" duration-ms="2" started-at="2019-04-20T07:57:08Z" finished-at="2019-04-20T07:57:08Z">
          <reporter-output>
          </reporter-output>
        </test-method> <!-- WorkBook -->
        <test-method status="PASS" signature="TearDown()[pri:0, instance:Extend.Testcase@14f8ca45]" name="TearDown" is-config="true" duration-ms="5215" started-at="2019-04-20T07:57:08Z" finished-at="2019-04-20T07:57:13Z">
          <reporter-output>
          </reporter-output>
        </test-method> <!-- TearDown -->
      </class> <!-- Extend.Testcase -->
    </test> <!-- Default test -->
  </suite> <!-- Default suite -->
</testng-results>
